2025-03-20 22:03:26,780 - INFO - Starting API server...
2025-03-20 22:03:29,776 - INFO - Starting API server...
2025-03-24 19:54:49,683 - INFO - Starting API server...
2025-03-24 19:54:50,541 - INFO - Starting API server...
2025-03-24 19:56:02,680 - INFO - Starting API server...
2025-03-24 19:56:03,406 - INFO - Starting API server...
2025-03-24 19:56:17,987 - INFO - Starting API server...
2025-03-24 19:56:18,652 - INFO - Starting API server...
2025-03-24 20:10:17,386 - INFO - Starting API server...
2025-03-24 20:22:03,121 - INFO - Starting API server...
2025-03-24 20:22:04,032 - INFO - Starting API server...
2025-03-24 20:25:19,129 - INFO - Starting API server...
2025-03-24 20:25:19,943 - INFO - Starting API server...
2025-03-24 20:26:43,853 - INFO - Prediction successful: [22.068840579710145]
2025-03-25 03:16:46,781 - INFO - Starting API server...
2025-03-25 03:16:49,119 - INFO - Starting API server...
2025-03-25 05:00:56,906 - INFO - Starting API server...
2025-03-25 05:00:58,151 - INFO - Starting API server...
2025-04-02 03:20:24,137 - INFO - Starting API server...
2025-04-02 03:20:25,710 - INFO - Starting API server...
2025-04-01 21:44:44,735 - INFO - Starting API server...
2025-04-01 21:44:45,579 - INFO - Starting API server...
2025-04-01 21:45:20,407 - INFO - Prediction successful: [22.068840579710145]
2025-04-01 21:45:26,310 - INFO - Prediction successful: [23.579895358790694]
2025-04-01 21:45:30,802 - WARNING - Invalid input: Missing features: ['doors_in_route', 'assessed_value']
2025-04-01 21:48:39,567 - INFO - Starting API server...
2025-04-01 21:49:07,373 - INFO - Starting API server...
2025-04-01 21:49:08,131 - INFO - Starting API server...
2025-04-01 21:51:17,646 - INFO - Starting API server...
2025-04-01 22:00:42,396 - INFO - Starting API server...
2025-04-01 22:00:43,641 - INFO - Starting API server...
2025-04-01 22:01:59,247 - ERROR - SHAP explanation error: module 'matplotlib.pyplot' has no attribute 'force_plot'
2025-04-01 22:11:30,267 - INFO - Starting API server...
2025-04-01 22:11:43,618 - ERROR - SHAP explanation error: module 'matplotlib.pyplot' has no attribute 'force_plot'
2025-04-01 22:12:05,841 - ERROR - SHAP explanation error: module 'matplotlib.pyplot' has no attribute 'force_plot'
2025-04-01 22:13:59,510 - INFO - Starting API server...
2025-04-01 22:14:00,728 - INFO - Starting API server...
2025-04-01 22:14:13,814 - ERROR - SHAP explanation error: module 'matplotlib.pyplot' has no attribute 'force_plot'
2025-04-01 22:14:57,133 - INFO - Starting API server...
2025-04-01 22:15:09,325 - INFO - Starting API server...
2025-04-01 22:15:10,564 - INFO - Starting API server...
2025-04-01 22:15:20,226 - ERROR - SHAP explanation error: IPython must be installed to use initjs()! Run `pip install ipython` and then restart shap.
2025-04-01 22:16:53,443 - ERROR - SHAP explanation error: IPython must be installed to use initjs()! Run `pip install ipython` and then restart shap.
2025-04-01 22:19:55,141 - INFO - Starting API server...
2025-04-01 22:19:56,378 - INFO - Starting API server...
2025-04-01 22:20:16,654 - ERROR - SHAP explanation error: IPython must be installed to use initjs()! Run `pip install ipython` and then restart shap.
2025-04-01 22:27:11,148 - INFO - Starting API server...
2025-04-01 22:27:12,405 - INFO - Starting API server...
2025-04-01 22:27:21,624 - ERROR - SHAP explanation error: IPython must be installed to use initjs()! Run `pip install ipython` and then restart shap.
2025-04-01 22:28:53,404 - INFO - Starting API server...
2025-04-01 22:29:03,085 - INFO - Starting API server...
2025-04-01 22:29:04,283 - INFO - Starting API server...
2025-04-01 22:29:12,743 - ERROR - SHAP explanation error: Traceback (most recent call last):
  File "/home/hhong/Visual-Studio-Code_Food-Drive/src/predict_api.py", line 151, in explain_shap_v1
    shap.initjs()  # Initialize JavaScript rendering for SHAP
    ^^^^^^^^^^^^^
  File "/home/hhong/Visual-Studio-Code_Food-Drive/venv/lib/python3.12/site-packages/shap/plots/_force.py", line 300, in initjs
    assert have_ipython, "IPython must be installed to use initjs()! Run `pip install ipython` and then restart shap."
           ^^^^^^^^^^^^
AssertionError: IPython must be installed to use initjs()! Run `pip install ipython` and then restart shap.

2025-04-01 22:30:46,529 - INFO - Starting API server...
2025-04-01 22:31:45,756 - INFO - Starting API server...
2025-04-01 22:34:44,563 - INFO - Starting API server...
2025-04-01 22:35:07,174 - INFO - Starting API server...
2025-04-01 22:35:08,375 - INFO - Starting API server...
2025-04-01 22:35:18,806 - ERROR - SHAP explanation error: Traceback (most recent call last):
  File "/home/hhong/Visual-Studio-Code_Food-Drive/src/predict_api.py", line 151, in explain_shap_v1
    shap.initjs()  # Initialize JavaScript rendering for SHAP
    ^^^^^^^^^^^^^
  File "/home/hhong/Visual-Studio-Code_Food-Drive/venv/lib/python3.12/site-packages/shap/plots/_force.py", line 300, in initjs
    assert have_ipython, "IPython must be installed to use initjs()! Run `pip install ipython` and then restart shap."
           ^^^^^^^^^^^^
AssertionError: IPython must be installed to use initjs()! Run `pip install ipython` and then restart shap.

2025-04-01 22:37:21,826 - INFO - Starting API server...
2025-04-01 22:37:23,180 - INFO - Starting API server...
2025-04-01 22:37:34,455 - INFO - SHAP force plot saved to logs/shap_force_plot_v1.html
2025-04-01 22:54:08,471 - INFO - Starting API server...
2025-04-01 22:54:09,892 - INFO - Starting API server...
2025-04-01 22:55:40,033 - ERROR - LIME explanation error: Traceback (most recent call last):
  File "/home/hhong/Visual-Studio-Code_Food-Drive/src/predict_api.py", line 222, in explain_lime_v1
    training_data=X_train,  # Replace with your training data
                  ^^^^^^^
NameError: name 'X_train' is not defined

2025-04-01 23:34:24,868 - INFO - Starting API server...
2025-04-01 23:34:26,317 - INFO - Starting API server...
2025-04-01 23:35:32,419 - ERROR - LIME explanation error: 'DecisionTreeRegressor' object has no attribute 'predict_proba'
2025-04-01 23:38:58,607 - INFO - Starting API server...
2025-04-01 23:39:01,025 - INFO - Starting API server...
2025-04-01 23:39:02,426 - INFO - Starting API server...
2025-04-01 23:39:25,714 - ERROR - LIME explanation error: 'DecisionTreeRegressor' object has no attribute 'predict_proba'
2025-04-02 00:07:56,737 - INFO - Starting API server...
2025-04-02 01:05:46,168 - INFO - Starting API server...
2025-04-02 01:05:57,431 - INFO - Starting API server...
2025-04-02 01:05:59,068 - INFO - Starting API server...
2025-04-02 01:07:25,728 - INFO - Prediction successful: [22.068840579710145]
2025-04-03 00:25:27,567 - INFO - Starting API server...
2025-04-03 00:25:29,043 - INFO - Starting API server...
2025-04-03 00:29:01,596 - INFO - Starting API server...
2025-04-03 00:29:03,011 - INFO - Starting API server...
2025-04-03 00:56:41,097 - INFO - Starting API server...
2025-04-03 13:00:32,015 - INFO - Starting API server...
2025-04-03 13:00:33,421 - INFO - Starting API server...
2025-04-03 19:15:13,105 - INFO - Starting API server...
2025-04-03 19:15:14,499 - INFO - Starting API server...
2025-04-03 13:16:10,821 - INFO - Starting API server...
2025-04-03 13:17:20,372 - INFO - Starting API server...
2025-04-03 13:17:21,685 - INFO - Starting API server...
2025-04-03 13:19:43,173 - INFO - Prediction successful: [12.503095238095238]
2025-04-03 19:50:33,916 - INFO - Starting API server...
2025-04-03 19:50:35,519 - INFO - Starting API server...
2025-04-03 20:03:26,653 - INFO - Starting API server...
2025-04-03 20:03:28,239 - INFO - Starting API server...
